<?xml version="1.0" encoding="UTF-8"?>
<testsuite xmlns:xsi="http://www.w3.org/2001/XMLSchema-instance" xsi:noNamespaceSchemaLocation="https://maven.apache.org/surefire/maven-surefire-plugin/xsd/surefire-test-report.xsd" name="com.chunqiu.mall.MallApplicationTests" time="15.101" tests="1" errors="0" skipped="0" failures="0">
  <properties>
    <property name="sun.desktop" value="windows"/>
    <property name="awt.toolkit" value="sun.awt.windows.WToolkit"/>
    <property name="file.encoding.pkg" value="sun.io"/>
    <property name="java.specification.version" value="1.8"/>
    <property name="sun.cpu.isalist" value="amd64"/>
    <property name="sun.jnu.encoding" value="GBK"/>
    <property name="java.class.path" value="D:\java_project\mall\target\test-classes;D:\java_project\mall\target\classes;E:\m2repository\org\springframework\boot\spring-boot-starter-web\2.1.3.RELEASE\spring-boot-starter-web-2.1.3.RELEASE.jar;E:\m2repository\org\springframework\boot\spring-boot-starter\2.1.3.RELEASE\spring-boot-starter-2.1.3.RELEASE.jar;E:\m2repository\org\springframework\boot\spring-boot\2.1.3.RELEASE\spring-boot-2.1.3.RELEASE.jar;E:\m2repository\org\springframework\boot\spring-boot-starter-logging\2.1.3.RELEASE\spring-boot-starter-logging-2.1.3.RELEASE.jar;E:\m2repository\ch\qos\logback\logback-classic\1.2.3\logback-classic-1.2.3.jar;E:\m2repository\ch\qos\logback\logback-core\1.2.3\logback-core-1.2.3.jar;E:\m2repository\org\apache\logging\log4j\log4j-to-slf4j\2.11.2\log4j-to-slf4j-2.11.2.jar;E:\m2repository\org\apache\logging\log4j\log4j-api\2.11.2\log4j-api-2.11.2.jar;E:\m2repository\org\slf4j\jul-to-slf4j\1.7.25\jul-to-slf4j-1.7.25.jar;E:\m2repository\javax\annotation\javax.annotation-api\1.3.2\javax.annotation-api-1.3.2.jar;E:\m2repository\org\yaml\snakeyaml\1.23\snakeyaml-1.23.jar;E:\m2repository\org\springframework\boot\spring-boot-starter-json\2.1.3.RELEASE\spring-boot-starter-json-2.1.3.RELEASE.jar;E:\m2repository\com\fasterxml\jackson\datatype\jackson-datatype-jdk8\2.9.8\jackson-datatype-jdk8-2.9.8.jar;E:\m2repository\com\fasterxml\jackson\datatype\jackson-datatype-jsr310\2.9.8\jackson-datatype-jsr310-2.9.8.jar;E:\m2repository\com\fasterxml\jackson\module\jackson-module-parameter-names\2.9.8\jackson-module-parameter-names-2.9.8.jar;E:\m2repository\org\springframework\boot\spring-boot-starter-tomcat\2.1.3.RELEASE\spring-boot-starter-tomcat-2.1.3.RELEASE.jar;E:\m2repository\org\apache\tomcat\embed\tomcat-embed-core\9.0.16\tomcat-embed-core-9.0.16.jar;E:\m2repository\org\apache\tomcat\embed\tomcat-embed-el\9.0.16\tomcat-embed-el-9.0.16.jar;E:\m2repository\org\apache\tomcat\embed\tomcat-embed-websocket\9.0.16\tomcat-embed-websocket-9.0.16.jar;E:\m2repository\org\hibernate\validator\hibernate-validator\6.0.14.Final\hibernate-validator-6.0.14.Final.jar;E:\m2repository\javax\validation\validation-api\2.0.1.Final\validation-api-2.0.1.Final.jar;E:\m2repository\org\jboss\logging\jboss-logging\3.3.2.Final\jboss-logging-3.3.2.Final.jar;E:\m2repository\org\springframework\spring-web\5.1.5.RELEASE\spring-web-5.1.5.RELEASE.jar;E:\m2repository\org\springframework\spring-beans\5.1.5.RELEASE\spring-beans-5.1.5.RELEASE.jar;E:\m2repository\org\springframework\spring-webmvc\5.1.5.RELEASE\spring-webmvc-5.1.5.RELEASE.jar;E:\m2repository\org\springframework\spring-context\5.1.5.RELEASE\spring-context-5.1.5.RELEASE.jar;E:\m2repository\org\springframework\spring-expression\5.1.5.RELEASE\spring-expression-5.1.5.RELEASE.jar;E:\m2repository\org\springframework\boot\spring-boot-starter-actuator\2.1.3.RELEASE\spring-boot-starter-actuator-2.1.3.RELEASE.jar;E:\m2repository\org\springframework\boot\spring-boot-actuator-autoconfigure\2.1.3.RELEASE\spring-boot-actuator-autoconfigure-2.1.3.RELEASE.jar;E:\m2repository\org\springframework\boot\spring-boot-actuator\2.1.3.RELEASE\spring-boot-actuator-2.1.3.RELEASE.jar;E:\m2repository\io\micrometer\micrometer-core\1.1.3\micrometer-core-1.1.3.jar;E:\m2repository\org\hdrhistogram\HdrHistogram\2.1.9\HdrHistogram-2.1.9.jar;E:\m2repository\org\latencyutils\LatencyUtils\2.0.3\LatencyUtils-2.0.3.jar;E:\m2repository\org\springframework\boot\spring-boot-starter-aop\2.1.3.RELEASE\spring-boot-starter-aop-2.1.3.RELEASE.jar;E:\m2repository\org\springframework\spring-aop\5.1.5.RELEASE\spring-aop-5.1.5.RELEASE.jar;E:\m2repository\org\aspectj\aspectjweaver\1.9.2\aspectjweaver-1.9.2.jar;E:\m2repository\org\springframework\boot\spring-boot-starter-test\2.1.3.RELEASE\spring-boot-starter-test-2.1.3.RELEASE.jar;E:\m2repository\org\springframework\boot\spring-boot-test\2.1.3.RELEASE\spring-boot-test-2.1.3.RELEASE.jar;E:\m2repository\org\springframework\boot\spring-boot-test-autoconfigure\2.1.3.RELEASE\spring-boot-test-autoconfigure-2.1.3.RELEASE.jar;E:\m2repository\com\jayway\jsonpath\json-path\2.4.0\json-path-2.4.0.jar;E:\m2repository\net\minidev\json-smart\2.3\json-smart-2.3.jar;E:\m2repository\net\minidev\accessors-smart\1.2\accessors-smart-1.2.jar;E:\m2repository\org\ow2\asm\asm\5.0.4\asm-5.0.4.jar;E:\m2repository\junit\junit\4.12\junit-4.12.jar;E:\m2repository\org\assertj\assertj-core\3.11.1\assertj-core-3.11.1.jar;E:\m2repository\org\mockito\mockito-core\2.23.4\mockito-core-2.23.4.jar;E:\m2repository\net\bytebuddy\byte-buddy\1.9.10\byte-buddy-1.9.10.jar;E:\m2repository\net\bytebuddy\byte-buddy-agent\1.9.10\byte-buddy-agent-1.9.10.jar;E:\m2repository\org\objenesis\objenesis\2.6\objenesis-2.6.jar;E:\m2repository\org\hamcrest\hamcrest-core\1.3\hamcrest-core-1.3.jar;E:\m2repository\org\hamcrest\hamcrest-library\1.3\hamcrest-library-1.3.jar;E:\m2repository\org\skyscreamer\jsonassert\1.5.0\jsonassert-1.5.0.jar;E:\m2repository\com\vaadin\external\google\android-json\0.0.20131108.vaadin1\android-json-0.0.20131108.vaadin1.jar;E:\m2repository\org\springframework\spring-core\5.1.5.RELEASE\spring-core-5.1.5.RELEASE.jar;E:\m2repository\org\springframework\spring-jcl\5.1.5.RELEASE\spring-jcl-5.1.5.RELEASE.jar;E:\m2repository\org\springframework\spring-test\5.1.5.RELEASE\spring-test-5.1.5.RELEASE.jar;E:\m2repository\org\xmlunit\xmlunit-core\2.6.2\xmlunit-core-2.6.2.jar;E:\m2repository\com\github\pagehelper\pagehelper-spring-boot-starter\1.2.10\pagehelper-spring-boot-starter-1.2.10.jar;E:\m2repository\org\mybatis\spring\boot\mybatis-spring-boot-starter\1.3.2\mybatis-spring-boot-starter-1.3.2.jar;E:\m2repository\org\springframework\boot\spring-boot-starter-jdbc\2.1.3.RELEASE\spring-boot-starter-jdbc-2.1.3.RELEASE.jar;E:\m2repository\com\zaxxer\HikariCP\3.2.0\HikariCP-3.2.0.jar;E:\m2repository\org\springframework\spring-jdbc\5.1.5.RELEASE\spring-jdbc-5.1.5.RELEASE.jar;E:\m2repository\org\mybatis\spring\boot\mybatis-spring-boot-autoconfigure\1.3.2\mybatis-spring-boot-autoconfigure-1.3.2.jar;E:\m2repository\org\mybatis\mybatis\3.4.6\mybatis-3.4.6.jar;E:\m2repository\org\mybatis\mybatis-spring\1.3.2\mybatis-spring-1.3.2.jar;E:\m2repository\com\github\pagehelper\pagehelper-spring-boot-autoconfigure\1.2.10\pagehelper-spring-boot-autoconfigure-1.2.10.jar;E:\m2repository\com\github\pagehelper\pagehelper\5.1.8\pagehelper-5.1.8.jar;E:\m2repository\com\github\jsqlparser\jsqlparser\1.2\jsqlparser-1.2.jar;E:\m2repository\com\alibaba\druid-spring-boot-starter\1.1.10\druid-spring-boot-starter-1.1.10.jar;E:\m2repository\com\alibaba\druid\1.1.10\druid-1.1.10.jar;E:\m2repository\org\slf4j\slf4j-api\1.7.25\slf4j-api-1.7.25.jar;E:\m2repository\org\springframework\boot\spring-boot-autoconfigure\2.1.3.RELEASE\spring-boot-autoconfigure-2.1.3.RELEASE.jar;E:\m2repository\org\mybatis\generator\mybatis-generator-core\1.3.3\mybatis-generator-core-1.3.3.jar;E:\m2repository\mysql\mysql-connector-java\8.0.15\mysql-connector-java-8.0.15.jar;E:\m2repository\org\junit\jupiter\junit-jupiter\5.9.2\junit-jupiter-5.9.2.jar;E:\m2repository\org\junit\jupiter\junit-jupiter-api\5.3.2\junit-jupiter-api-5.3.2.jar;E:\m2repository\org\apiguardian\apiguardian-api\1.0.0\apiguardian-api-1.0.0.jar;E:\m2repository\org\opentest4j\opentest4j\1.1.1\opentest4j-1.1.1.jar;E:\m2repository\org\junit\platform\junit-platform-commons\1.3.2\junit-platform-commons-1.3.2.jar;E:\m2repository\org\junit\jupiter\junit-jupiter-params\5.3.2\junit-jupiter-params-5.3.2.jar;E:\m2repository\org\junit\jupiter\junit-jupiter-engine\5.3.2\junit-jupiter-engine-5.3.2.jar;E:\m2repository\org\junit\platform\junit-platform-engine\1.3.2\junit-platform-engine-1.3.2.jar;E:\m2repository\io\springfox\springfox-swagger2\2.7.0\springfox-swagger2-2.7.0.jar;E:\m2repository\io\swagger\swagger-annotations\1.5.13\swagger-annotations-1.5.13.jar;E:\m2repository\io\swagger\swagger-models\1.5.13\swagger-models-1.5.13.jar;E:\m2repository\com\fasterxml\jackson\core\jackson-annotations\2.9.0\jackson-annotations-2.9.0.jar;E:\m2repository\io\springfox\springfox-spi\2.7.0\springfox-spi-2.7.0.jar;E:\m2repository\io\springfox\springfox-core\2.7.0\springfox-core-2.7.0.jar;E:\m2repository\io\springfox\springfox-schema\2.7.0\springfox-schema-2.7.0.jar;E:\m2repository\io\springfox\springfox-swagger-common\2.7.0\springfox-swagger-common-2.7.0.jar;E:\m2repository\io\springfox\springfox-spring-web\2.7.0\springfox-spring-web-2.7.0.jar;E:\m2repository\org\reflections\reflections\0.9.11\reflections-0.9.11.jar;E:\m2repository\org\javassist\javassist\3.21.0-GA\javassist-3.21.0-GA.jar;E:\m2repository\com\google\guava\guava\18.0\guava-18.0.jar;E:\m2repository\com\fasterxml\classmate\1.4.0\classmate-1.4.0.jar;E:\m2repository\org\springframework\plugin\spring-plugin-core\1.2.0.RELEASE\spring-plugin-core-1.2.0.RELEASE.jar;E:\m2repository\org\springframework\plugin\spring-plugin-metadata\1.2.0.RELEASE\spring-plugin-metadata-1.2.0.RELEASE.jar;E:\m2repository\org\mapstruct\mapstruct\1.1.0.Final\mapstruct-1.1.0.Final.jar;E:\m2repository\io\springfox\springfox-swagger-ui\2.7.0\springfox-swagger-ui-2.7.0.jar;E:\m2repository\org\springframework\boot\spring-boot-starter-data-redis\2.1.3.RELEASE\spring-boot-starter-data-redis-2.1.3.RELEASE.jar;E:\m2repository\org\springframework\data\spring-data-redis\2.1.5.RELEASE\spring-data-redis-2.1.5.RELEASE.jar;E:\m2repository\org\springframework\data\spring-data-keyvalue\2.1.5.RELEASE\spring-data-keyvalue-2.1.5.RELEASE.jar;E:\m2repository\org\springframework\spring-tx\5.1.5.RELEASE\spring-tx-5.1.5.RELEASE.jar;E:\m2repository\org\springframework\spring-oxm\5.1.5.RELEASE\spring-oxm-5.1.5.RELEASE.jar;E:\m2repository\org\springframework\spring-context-support\5.1.5.RELEASE\spring-context-support-5.1.5.RELEASE.jar;E:\m2repository\io\lettuce\lettuce-core\5.1.4.RELEASE\lettuce-core-5.1.4.RELEASE.jar;E:\m2repository\io\netty\netty-common\4.1.33.Final\netty-common-4.1.33.Final.jar;E:\m2repository\io\netty\netty-handler\4.1.33.Final\netty-handler-4.1.33.Final.jar;E:\m2repository\io\netty\netty-buffer\4.1.33.Final\netty-buffer-4.1.33.Final.jar;E:\m2repository\io\netty\netty-codec\4.1.33.Final\netty-codec-4.1.33.Final.jar;E:\m2repository\io\netty\netty-transport\4.1.33.Final\netty-transport-4.1.33.Final.jar;E:\m2repository\io\netty\netty-resolver\4.1.33.Final\netty-resolver-4.1.33.Final.jar;E:\m2repository\io\projectreactor\reactor-core\3.2.6.RELEASE\reactor-core-3.2.6.RELEASE.jar;E:\m2repository\org\reactivestreams\reactive-streams\1.0.2\reactive-streams-1.0.2.jar;E:\m2repository\org\springframework\boot\spring-boot-starter-security\2.1.3.RELEASE\spring-boot-starter-security-2.1.3.RELEASE.jar;E:\m2repository\org\springframework\security\spring-security-config\5.1.4.RELEASE\spring-security-config-5.1.4.RELEASE.jar;E:\m2repository\org\springframework\security\spring-security-core\5.1.4.RELEASE\spring-security-core-5.1.4.RELEASE.jar;E:\m2repository\org\springframework\security\spring-security-web\5.1.4.RELEASE\spring-security-web-5.1.4.RELEASE.jar;E:\m2repository\cn\hutool\hutool-all\4.5.7\hutool-all-4.5.7.jar;E:\m2repository\io\jsonwebtoken\jjwt\0.9.0\jjwt-0.9.0.jar;E:\m2repository\com\fasterxml\jackson\core\jackson-databind\2.9.8\jackson-databind-2.9.8.jar;E:\m2repository\com\fasterxml\jackson\core\jackson-core\2.9.8\jackson-core-2.9.8.jar;E:\m2repository\org\projectlombok\lombok\1.18.6\lombok-1.18.6.jar;E:\m2repository\org\springframework\boot\spring-boot-starter-data-elasticsearch\2.1.3.RELEASE\spring-boot-starter-data-elasticsearch-2.1.3.RELEASE.jar;E:\m2repository\org\springframework\data\spring-data-elasticsearch\3.1.5.RELEASE\spring-data-elasticsearch-3.1.5.RELEASE.jar;E:\m2repository\org\springframework\data\spring-data-commons\2.1.5.RELEASE\spring-data-commons-2.1.5.RELEASE.jar;E:\m2repository\joda-time\joda-time\2.10.1\joda-time-2.10.1.jar;E:\m2repository\org\elasticsearch\client\transport\6.4.3\transport-6.4.3.jar;E:\m2repository\org\elasticsearch\elasticsearch\6.4.3\elasticsearch-6.4.3.jar;E:\m2repository\org\elasticsearch\elasticsearch-core\6.4.3\elasticsearch-core-6.4.3.jar;E:\m2repository\org\elasticsearch\elasticsearch-secure-sm\6.4.3\elasticsearch-secure-sm-6.4.3.jar;E:\m2repository\org\elasticsearch\elasticsearch-x-content\6.4.3\elasticsearch-x-content-6.4.3.jar;E:\m2repository\com\fasterxml\jackson\dataformat\jackson-dataformat-smile\2.9.8\jackson-dataformat-smile-2.9.8.jar;E:\m2repository\com\fasterxml\jackson\dataformat\jackson-dataformat-yaml\2.9.8\jackson-dataformat-yaml-2.9.8.jar;E:\m2repository\com\fasterxml\jackson\dataformat\jackson-dataformat-cbor\2.9.8\jackson-dataformat-cbor-2.9.8.jar;E:\m2repository\org\apache\lucene\lucene-core\7.4.0\lucene-core-7.4.0.jar;E:\m2repository\org\apache\lucene\lucene-analyzers-common\7.4.0\lucene-analyzers-common-7.4.0.jar;E:\m2repository\org\apache\lucene\lucene-backward-codecs\7.4.0\lucene-backward-codecs-7.4.0.jar;E:\m2repository\org\apache\lucene\lucene-grouping\7.4.0\lucene-grouping-7.4.0.jar;E:\m2repository\org\apache\lucene\lucene-highlighter\7.4.0\lucene-highlighter-7.4.0.jar;E:\m2repository\org\apache\lucene\lucene-join\7.4.0\lucene-join-7.4.0.jar;E:\m2repository\org\apache\lucene\lucene-memory\7.4.0\lucene-memory-7.4.0.jar;E:\m2repository\org\apache\lucene\lucene-misc\7.4.0\lucene-misc-7.4.0.jar;E:\m2repository\org\apache\lucene\lucene-queries\7.4.0\lucene-queries-7.4.0.jar;E:\m2repository\org\apache\lucene\lucene-queryparser\7.4.0\lucene-queryparser-7.4.0.jar;E:\m2repository\org\apache\lucene\lucene-sandbox\7.4.0\lucene-sandbox-7.4.0.jar;E:\m2repository\org\apache\lucene\lucene-spatial\7.4.0\lucene-spatial-7.4.0.jar;E:\m2repository\org\apache\lucene\lucene-spatial-extras\7.4.0\lucene-spatial-extras-7.4.0.jar;E:\m2repository\org\apache\lucene\lucene-spatial3d\7.4.0\lucene-spatial3d-7.4.0.jar;E:\m2repository\org\apache\lucene\lucene-suggest\7.4.0\lucene-suggest-7.4.0.jar;E:\m2repository\org\elasticsearch\elasticsearch-cli\6.4.3\elasticsearch-cli-6.4.3.jar;E:\m2repository\net\sf\jopt-simple\jopt-simple\5.0.2\jopt-simple-5.0.2.jar;E:\m2repository\com\carrotsearch\hppc\0.7.1\hppc-0.7.1.jar;E:\m2repository\com\tdunning\t-digest\3.2\t-digest-3.2.jar;E:\m2repository\org\elasticsearch\jna\4.5.1\jna-4.5.1.jar;E:\m2repository\org\elasticsearch\plugin\reindex-client\6.4.3\reindex-client-6.4.3.jar;E:\m2repository\org\elasticsearch\client\elasticsearch-rest-client\6.4.3\elasticsearch-rest-client-6.4.3.jar;E:\m2repository\org\apache\httpcomponents\httpclient\4.5.7\httpclient-4.5.7.jar;E:\m2repository\org\apache\httpcomponents\httpcore\4.4.11\httpcore-4.4.11.jar;E:\m2repository\org\apache\httpcomponents\httpasyncclient\4.1.4\httpasyncclient-4.1.4.jar;E:\m2repository\org\apache\httpcomponents\httpcore-nio\4.4.11\httpcore-nio-4.4.11.jar;E:\m2repository\commons-codec\commons-codec\1.11\commons-codec-1.11.jar;E:\m2repository\org\elasticsearch\plugin\lang-mustache-client\6.4.3\lang-mustache-client-6.4.3.jar;E:\m2repository\com\github\spullara\mustache\java\compiler\0.9.3\compiler-0.9.3.jar;E:\m2repository\org\elasticsearch\plugin\percolator-client\6.4.3\percolator-client-6.4.3.jar;E:\m2repository\org\elasticsearch\plugin\parent-join-client\6.4.3\parent-join-client-6.4.3.jar;E:\m2repository\org\elasticsearch\plugin\rank-eval-client\6.4.3\rank-eval-client-6.4.3.jar;E:\m2repository\org\elasticsearch\plugin\transport-netty4-client\6.4.3\transport-netty4-client-6.4.3.jar;E:\m2repository\io\netty\netty-codec-http\4.1.33.Final\netty-codec-http-4.1.33.Final.jar;"/>
    <property name="java.vm.vendor" value="Oracle Corporation"/>
    <property name="sun.arch.data.model" value="64"/>
    <property name="user.variant" value=""/>
    <property name="java.vendor.url" value="http://java.oracle.com/"/>
    <property name="user.timezone" value="Asia/Shanghai"/>
    <property name="java.vm.specification.version" value="1.8"/>
    <property name="os.name" value="Windows 10"/>
    <property name="user.country" value="CN"/>
    <property name="sun.java.launcher" value="SUN_STANDARD"/>
    <property name="sun.boot.library.path" value="D:\Java\jdk1.8\jre\bin"/>
    <property name="sun.java.command" value="C:\Users\chunqiu\AppData\Local\Temp\surefire2278881519129525381\surefirebooter2489499365131457328.jar C:\Users\chunqiu\AppData\Local\Temp\surefire2278881519129525381 2023-03-14T00-48-23_443-jvmRun1 surefire7014840758042735349tmp surefire_01284280029722522695tmp"/>
    <property name="surefire.test.class.path" value="D:\java_project\mall\target\test-classes;D:\java_project\mall\target\classes;E:\m2repository\org\springframework\boot\spring-boot-starter-web\2.1.3.RELEASE\spring-boot-starter-web-2.1.3.RELEASE.jar;E:\m2repository\org\springframework\boot\spring-boot-starter\2.1.3.RELEASE\spring-boot-starter-2.1.3.RELEASE.jar;E:\m2repository\org\springframework\boot\spring-boot\2.1.3.RELEASE\spring-boot-2.1.3.RELEASE.jar;E:\m2repository\org\springframework\boot\spring-boot-starter-logging\2.1.3.RELEASE\spring-boot-starter-logging-2.1.3.RELEASE.jar;E:\m2repository\ch\qos\logback\logback-classic\1.2.3\logback-classic-1.2.3.jar;E:\m2repository\ch\qos\logback\logback-core\1.2.3\logback-core-1.2.3.jar;E:\m2repository\org\apache\logging\log4j\log4j-to-slf4j\2.11.2\log4j-to-slf4j-2.11.2.jar;E:\m2repository\org\apache\logging\log4j\log4j-api\2.11.2\log4j-api-2.11.2.jar;E:\m2repository\org\slf4j\jul-to-slf4j\1.7.25\jul-to-slf4j-1.7.25.jar;E:\m2repository\javax\annotation\javax.annotation-api\1.3.2\javax.annotation-api-1.3.2.jar;E:\m2repository\org\yaml\snakeyaml\1.23\snakeyaml-1.23.jar;E:\m2repository\org\springframework\boot\spring-boot-starter-json\2.1.3.RELEASE\spring-boot-starter-json-2.1.3.RELEASE.jar;E:\m2repository\com\fasterxml\jackson\datatype\jackson-datatype-jdk8\2.9.8\jackson-datatype-jdk8-2.9.8.jar;E:\m2repository\com\fasterxml\jackson\datatype\jackson-datatype-jsr310\2.9.8\jackson-datatype-jsr310-2.9.8.jar;E:\m2repository\com\fasterxml\jackson\module\jackson-module-parameter-names\2.9.8\jackson-module-parameter-names-2.9.8.jar;E:\m2repository\org\springframework\boot\spring-boot-starter-tomcat\2.1.3.RELEASE\spring-boot-starter-tomcat-2.1.3.RELEASE.jar;E:\m2repository\org\apache\tomcat\embed\tomcat-embed-core\9.0.16\tomcat-embed-core-9.0.16.jar;E:\m2repository\org\apache\tomcat\embed\tomcat-embed-el\9.0.16\tomcat-embed-el-9.0.16.jar;E:\m2repository\org\apache\tomcat\embed\tomcat-embed-websocket\9.0.16\tomcat-embed-websocket-9.0.16.jar;E:\m2repository\org\hibernate\validator\hibernate-validator\6.0.14.Final\hibernate-validator-6.0.14.Final.jar;E:\m2repository\javax\validation\validation-api\2.0.1.Final\validation-api-2.0.1.Final.jar;E:\m2repository\org\jboss\logging\jboss-logging\3.3.2.Final\jboss-logging-3.3.2.Final.jar;E:\m2repository\org\springframework\spring-web\5.1.5.RELEASE\spring-web-5.1.5.RELEASE.jar;E:\m2repository\org\springframework\spring-beans\5.1.5.RELEASE\spring-beans-5.1.5.RELEASE.jar;E:\m2repository\org\springframework\spring-webmvc\5.1.5.RELEASE\spring-webmvc-5.1.5.RELEASE.jar;E:\m2repository\org\springframework\spring-context\5.1.5.RELEASE\spring-context-5.1.5.RELEASE.jar;E:\m2repository\org\springframework\spring-expression\5.1.5.RELEASE\spring-expression-5.1.5.RELEASE.jar;E:\m2repository\org\springframework\boot\spring-boot-starter-actuator\2.1.3.RELEASE\spring-boot-starter-actuator-2.1.3.RELEASE.jar;E:\m2repository\org\springframework\boot\spring-boot-actuator-autoconfigure\2.1.3.RELEASE\spring-boot-actuator-autoconfigure-2.1.3.RELEASE.jar;E:\m2repository\org\springframework\boot\spring-boot-actuator\2.1.3.RELEASE\spring-boot-actuator-2.1.3.RELEASE.jar;E:\m2repository\io\micrometer\micrometer-core\1.1.3\micrometer-core-1.1.3.jar;E:\m2repository\org\hdrhistogram\HdrHistogram\2.1.9\HdrHistogram-2.1.9.jar;E:\m2repository\org\latencyutils\LatencyUtils\2.0.3\LatencyUtils-2.0.3.jar;E:\m2repository\org\springframework\boot\spring-boot-starter-aop\2.1.3.RELEASE\spring-boot-starter-aop-2.1.3.RELEASE.jar;E:\m2repository\org\springframework\spring-aop\5.1.5.RELEASE\spring-aop-5.1.5.RELEASE.jar;E:\m2repository\org\aspectj\aspectjweaver\1.9.2\aspectjweaver-1.9.2.jar;E:\m2repository\org\springframework\boot\spring-boot-starter-test\2.1.3.RELEASE\spring-boot-starter-test-2.1.3.RELEASE.jar;E:\m2repository\org\springframework\boot\spring-boot-test\2.1.3.RELEASE\spring-boot-test-2.1.3.RELEASE.jar;E:\m2repository\org\springframework\boot\spring-boot-test-autoconfigure\2.1.3.RELEASE\spring-boot-test-autoconfigure-2.1.3.RELEASE.jar;E:\m2repository\com\jayway\jsonpath\json-path\2.4.0\json-path-2.4.0.jar;E:\m2repository\net\minidev\json-smart\2.3\json-smart-2.3.jar;E:\m2repository\net\minidev\accessors-smart\1.2\accessors-smart-1.2.jar;E:\m2repository\org\ow2\asm\asm\5.0.4\asm-5.0.4.jar;E:\m2repository\junit\junit\4.12\junit-4.12.jar;E:\m2repository\org\assertj\assertj-core\3.11.1\assertj-core-3.11.1.jar;E:\m2repository\org\mockito\mockito-core\2.23.4\mockito-core-2.23.4.jar;E:\m2repository\net\bytebuddy\byte-buddy\1.9.10\byte-buddy-1.9.10.jar;E:\m2repository\net\bytebuddy\byte-buddy-agent\1.9.10\byte-buddy-agent-1.9.10.jar;E:\m2repository\org\objenesis\objenesis\2.6\objenesis-2.6.jar;E:\m2repository\org\hamcrest\hamcrest-core\1.3\hamcrest-core-1.3.jar;E:\m2repository\org\hamcrest\hamcrest-library\1.3\hamcrest-library-1.3.jar;E:\m2repository\org\skyscreamer\jsonassert\1.5.0\jsonassert-1.5.0.jar;E:\m2repository\com\vaadin\external\google\android-json\0.0.20131108.vaadin1\android-json-0.0.20131108.vaadin1.jar;E:\m2repository\org\springframework\spring-core\5.1.5.RELEASE\spring-core-5.1.5.RELEASE.jar;E:\m2repository\org\springframework\spring-jcl\5.1.5.RELEASE\spring-jcl-5.1.5.RELEASE.jar;E:\m2repository\org\springframework\spring-test\5.1.5.RELEASE\spring-test-5.1.5.RELEASE.jar;E:\m2repository\org\xmlunit\xmlunit-core\2.6.2\xmlunit-core-2.6.2.jar;E:\m2repository\com\github\pagehelper\pagehelper-spring-boot-starter\1.2.10\pagehelper-spring-boot-starter-1.2.10.jar;E:\m2repository\org\mybatis\spring\boot\mybatis-spring-boot-starter\1.3.2\mybatis-spring-boot-starter-1.3.2.jar;E:\m2repository\org\springframework\boot\spring-boot-starter-jdbc\2.1.3.RELEASE\spring-boot-starter-jdbc-2.1.3.RELEASE.jar;E:\m2repository\com\zaxxer\HikariCP\3.2.0\HikariCP-3.2.0.jar;E:\m2repository\org\springframework\spring-jdbc\5.1.5.RELEASE\spring-jdbc-5.1.5.RELEASE.jar;E:\m2repository\org\mybatis\spring\boot\mybatis-spring-boot-autoconfigure\1.3.2\mybatis-spring-boot-autoconfigure-1.3.2.jar;E:\m2repository\org\mybatis\mybatis\3.4.6\mybatis-3.4.6.jar;E:\m2repository\org\mybatis\mybatis-spring\1.3.2\mybatis-spring-1.3.2.jar;E:\m2repository\com\github\pagehelper\pagehelper-spring-boot-autoconfigure\1.2.10\pagehelper-spring-boot-autoconfigure-1.2.10.jar;E:\m2repository\com\github\pagehelper\pagehelper\5.1.8\pagehelper-5.1.8.jar;E:\m2repository\com\github\jsqlparser\jsqlparser\1.2\jsqlparser-1.2.jar;E:\m2repository\com\alibaba\druid-spring-boot-starter\1.1.10\druid-spring-boot-starter-1.1.10.jar;E:\m2repository\com\alibaba\druid\1.1.10\druid-1.1.10.jar;E:\m2repository\org\slf4j\slf4j-api\1.7.25\slf4j-api-1.7.25.jar;E:\m2repository\org\springframework\boot\spring-boot-autoconfigure\2.1.3.RELEASE\spring-boot-autoconfigure-2.1.3.RELEASE.jar;E:\m2repository\org\mybatis\generator\mybatis-generator-core\1.3.3\mybatis-generator-core-1.3.3.jar;E:\m2repository\mysql\mysql-connector-java\8.0.15\mysql-connector-java-8.0.15.jar;E:\m2repository\org\junit\jupiter\junit-jupiter\5.9.2\junit-jupiter-5.9.2.jar;E:\m2repository\org\junit\jupiter\junit-jupiter-api\5.3.2\junit-jupiter-api-5.3.2.jar;E:\m2repository\org\apiguardian\apiguardian-api\1.0.0\apiguardian-api-1.0.0.jar;E:\m2repository\org\opentest4j\opentest4j\1.1.1\opentest4j-1.1.1.jar;E:\m2repository\org\junit\platform\junit-platform-commons\1.3.2\junit-platform-commons-1.3.2.jar;E:\m2repository\org\junit\jupiter\junit-jupiter-params\5.3.2\junit-jupiter-params-5.3.2.jar;E:\m2repository\org\junit\jupiter\junit-jupiter-engine\5.3.2\junit-jupiter-engine-5.3.2.jar;E:\m2repository\org\junit\platform\junit-platform-engine\1.3.2\junit-platform-engine-1.3.2.jar;E:\m2repository\io\springfox\springfox-swagger2\2.7.0\springfox-swagger2-2.7.0.jar;E:\m2repository\io\swagger\swagger-annotations\1.5.13\swagger-annotations-1.5.13.jar;E:\m2repository\io\swagger\swagger-models\1.5.13\swagger-models-1.5.13.jar;E:\m2repository\com\fasterxml\jackson\core\jackson-annotations\2.9.0\jackson-annotations-2.9.0.jar;E:\m2repository\io\springfox\springfox-spi\2.7.0\springfox-spi-2.7.0.jar;E:\m2repository\io\springfox\springfox-core\2.7.0\springfox-core-2.7.0.jar;E:\m2repository\io\springfox\springfox-schema\2.7.0\springfox-schema-2.7.0.jar;E:\m2repository\io\springfox\springfox-swagger-common\2.7.0\springfox-swagger-common-2.7.0.jar;E:\m2repository\io\springfox\springfox-spring-web\2.7.0\springfox-spring-web-2.7.0.jar;E:\m2repository\org\reflections\reflections\0.9.11\reflections-0.9.11.jar;E:\m2repository\org\javassist\javassist\3.21.0-GA\javassist-3.21.0-GA.jar;E:\m2repository\com\google\guava\guava\18.0\guava-18.0.jar;E:\m2repository\com\fasterxml\classmate\1.4.0\classmate-1.4.0.jar;E:\m2repository\org\springframework\plugin\spring-plugin-core\1.2.0.RELEASE\spring-plugin-core-1.2.0.RELEASE.jar;E:\m2repository\org\springframework\plugin\spring-plugin-metadata\1.2.0.RELEASE\spring-plugin-metadata-1.2.0.RELEASE.jar;E:\m2repository\org\mapstruct\mapstruct\1.1.0.Final\mapstruct-1.1.0.Final.jar;E:\m2repository\io\springfox\springfox-swagger-ui\2.7.0\springfox-swagger-ui-2.7.0.jar;E:\m2repository\org\springframework\boot\spring-boot-starter-data-redis\2.1.3.RELEASE\spring-boot-starter-data-redis-2.1.3.RELEASE.jar;E:\m2repository\org\springframework\data\spring-data-redis\2.1.5.RELEASE\spring-data-redis-2.1.5.RELEASE.jar;E:\m2repository\org\springframework\data\spring-data-keyvalue\2.1.5.RELEASE\spring-data-keyvalue-2.1.5.RELEASE.jar;E:\m2repository\org\springframework\spring-tx\5.1.5.RELEASE\spring-tx-5.1.5.RELEASE.jar;E:\m2repository\org\springframework\spring-oxm\5.1.5.RELEASE\spring-oxm-5.1.5.RELEASE.jar;E:\m2repository\org\springframework\spring-context-support\5.1.5.RELEASE\spring-context-support-5.1.5.RELEASE.jar;E:\m2repository\io\lettuce\lettuce-core\5.1.4.RELEASE\lettuce-core-5.1.4.RELEASE.jar;E:\m2repository\io\netty\netty-common\4.1.33.Final\netty-common-4.1.33.Final.jar;E:\m2repository\io\netty\netty-handler\4.1.33.Final\netty-handler-4.1.33.Final.jar;E:\m2repository\io\netty\netty-buffer\4.1.33.Final\netty-buffer-4.1.33.Final.jar;E:\m2repository\io\netty\netty-codec\4.1.33.Final\netty-codec-4.1.33.Final.jar;E:\m2repository\io\netty\netty-transport\4.1.33.Final\netty-transport-4.1.33.Final.jar;E:\m2repository\io\netty\netty-resolver\4.1.33.Final\netty-resolver-4.1.33.Final.jar;E:\m2repository\io\projectreactor\reactor-core\3.2.6.RELEASE\reactor-core-3.2.6.RELEASE.jar;E:\m2repository\org\reactivestreams\reactive-streams\1.0.2\reactive-streams-1.0.2.jar;E:\m2repository\org\springframework\boot\spring-boot-starter-security\2.1.3.RELEASE\spring-boot-starter-security-2.1.3.RELEASE.jar;E:\m2repository\org\springframework\security\spring-security-config\5.1.4.RELEASE\spring-security-config-5.1.4.RELEASE.jar;E:\m2repository\org\springframework\security\spring-security-core\5.1.4.RELEASE\spring-security-core-5.1.4.RELEASE.jar;E:\m2repository\org\springframework\security\spring-security-web\5.1.4.RELEASE\spring-security-web-5.1.4.RELEASE.jar;E:\m2repository\cn\hutool\hutool-all\4.5.7\hutool-all-4.5.7.jar;E:\m2repository\io\jsonwebtoken\jjwt\0.9.0\jjwt-0.9.0.jar;E:\m2repository\com\fasterxml\jackson\core\jackson-databind\2.9.8\jackson-databind-2.9.8.jar;E:\m2repository\com\fasterxml\jackson\core\jackson-core\2.9.8\jackson-core-2.9.8.jar;E:\m2repository\org\projectlombok\lombok\1.18.6\lombok-1.18.6.jar;E:\m2repository\org\springframework\boot\spring-boot-starter-data-elasticsearch\2.1.3.RELEASE\spring-boot-starter-data-elasticsearch-2.1.3.RELEASE.jar;E:\m2repository\org\springframework\data\spring-data-elasticsearch\3.1.5.RELEASE\spring-data-elasticsearch-3.1.5.RELEASE.jar;E:\m2repository\org\springframework\data\spring-data-commons\2.1.5.RELEASE\spring-data-commons-2.1.5.RELEASE.jar;E:\m2repository\joda-time\joda-time\2.10.1\joda-time-2.10.1.jar;E:\m2repository\org\elasticsearch\client\transport\6.4.3\transport-6.4.3.jar;E:\m2repository\org\elasticsearch\elasticsearch\6.4.3\elasticsearch-6.4.3.jar;E:\m2repository\org\elasticsearch\elasticsearch-core\6.4.3\elasticsearch-core-6.4.3.jar;E:\m2repository\org\elasticsearch\elasticsearch-secure-sm\6.4.3\elasticsearch-secure-sm-6.4.3.jar;E:\m2repository\org\elasticsearch\elasticsearch-x-content\6.4.3\elasticsearch-x-content-6.4.3.jar;E:\m2repository\com\fasterxml\jackson\dataformat\jackson-dataformat-smile\2.9.8\jackson-dataformat-smile-2.9.8.jar;E:\m2repository\com\fasterxml\jackson\dataformat\jackson-dataformat-yaml\2.9.8\jackson-dataformat-yaml-2.9.8.jar;E:\m2repository\com\fasterxml\jackson\dataformat\jackson-dataformat-cbor\2.9.8\jackson-dataformat-cbor-2.9.8.jar;E:\m2repository\org\apache\lucene\lucene-core\7.4.0\lucene-core-7.4.0.jar;E:\m2repository\org\apache\lucene\lucene-analyzers-common\7.4.0\lucene-analyzers-common-7.4.0.jar;E:\m2repository\org\apache\lucene\lucene-backward-codecs\7.4.0\lucene-backward-codecs-7.4.0.jar;E:\m2repository\org\apache\lucene\lucene-grouping\7.4.0\lucene-grouping-7.4.0.jar;E:\m2repository\org\apache\lucene\lucene-highlighter\7.4.0\lucene-highlighter-7.4.0.jar;E:\m2repository\org\apache\lucene\lucene-join\7.4.0\lucene-join-7.4.0.jar;E:\m2repository\org\apache\lucene\lucene-memory\7.4.0\lucene-memory-7.4.0.jar;E:\m2repository\org\apache\lucene\lucene-misc\7.4.0\lucene-misc-7.4.0.jar;E:\m2repository\org\apache\lucene\lucene-queries\7.4.0\lucene-queries-7.4.0.jar;E:\m2repository\org\apache\lucene\lucene-queryparser\7.4.0\lucene-queryparser-7.4.0.jar;E:\m2repository\org\apache\lucene\lucene-sandbox\7.4.0\lucene-sandbox-7.4.0.jar;E:\m2repository\org\apache\lucene\lucene-spatial\7.4.0\lucene-spatial-7.4.0.jar;E:\m2repository\org\apache\lucene\lucene-spatial-extras\7.4.0\lucene-spatial-extras-7.4.0.jar;E:\m2repository\org\apache\lucene\lucene-spatial3d\7.4.0\lucene-spatial3d-7.4.0.jar;E:\m2repository\org\apache\lucene\lucene-suggest\7.4.0\lucene-suggest-7.4.0.jar;E:\m2repository\org\elasticsearch\elasticsearch-cli\6.4.3\elasticsearch-cli-6.4.3.jar;E:\m2repository\net\sf\jopt-simple\jopt-simple\5.0.2\jopt-simple-5.0.2.jar;E:\m2repository\com\carrotsearch\hppc\0.7.1\hppc-0.7.1.jar;E:\m2repository\com\tdunning\t-digest\3.2\t-digest-3.2.jar;E:\m2repository\org\elasticsearch\jna\4.5.1\jna-4.5.1.jar;E:\m2repository\org\elasticsearch\plugin\reindex-client\6.4.3\reindex-client-6.4.3.jar;E:\m2repository\org\elasticsearch\client\elasticsearch-rest-client\6.4.3\elasticsearch-rest-client-6.4.3.jar;E:\m2repository\org\apache\httpcomponents\httpclient\4.5.7\httpclient-4.5.7.jar;E:\m2repository\org\apache\httpcomponents\httpcore\4.4.11\httpcore-4.4.11.jar;E:\m2repository\org\apache\httpcomponents\httpasyncclient\4.1.4\httpasyncclient-4.1.4.jar;E:\m2repository\org\apache\httpcomponents\httpcore-nio\4.4.11\httpcore-nio-4.4.11.jar;E:\m2repository\commons-codec\commons-codec\1.11\commons-codec-1.11.jar;E:\m2repository\org\elasticsearch\plugin\lang-mustache-client\6.4.3\lang-mustache-client-6.4.3.jar;E:\m2repository\com\github\spullara\mustache\java\compiler\0.9.3\compiler-0.9.3.jar;E:\m2repository\org\elasticsearch\plugin\percolator-client\6.4.3\percolator-client-6.4.3.jar;E:\m2repository\org\elasticsearch\plugin\parent-join-client\6.4.3\parent-join-client-6.4.3.jar;E:\m2repository\org\elasticsearch\plugin\rank-eval-client\6.4.3\rank-eval-client-6.4.3.jar;E:\m2repository\org\elasticsearch\plugin\transport-netty4-client\6.4.3\transport-netty4-client-6.4.3.jar;E:\m2repository\io\netty\netty-codec-http\4.1.33.Final\netty-codec-http-4.1.33.Final.jar;"/>
    <property name="sun.cpu.endian" value="little"/>
    <property name="user.home" value="C:\Users\chunqiu"/>
    <property name="user.language" value="zh"/>
    <property name="java.specification.vendor" value="Oracle Corporation"/>
    <property name="java.home" value="D:\Java\jdk1.8\jre"/>
    <property name="basedir" value="D:\java_project\mall"/>
    <property name="file.separator" value="\"/>
    <property name="line.separator" value="&#10;"/>
    <property name="java.vm.specification.vendor" value="Oracle Corporation"/>
    <property name="java.specification.name" value="Java Platform API Specification"/>
    <property name="java.awt.graphicsenv" value="sun.awt.Win32GraphicsEnvironment"/>
    <property name="surefire.real.class.path" value="C:\Users\chunqiu\AppData\Local\Temp\surefire2278881519129525381\surefirebooter2489499365131457328.jar"/>
    <property name="sun.boot.class.path" value="D:\Java\jdk1.8\jre\lib\resources.jar;D:\Java\jdk1.8\jre\lib\rt.jar;D:\Java\jdk1.8\jre\lib\jsse.jar;D:\Java\jdk1.8\jre\lib\jce.jar;D:\Java\jdk1.8\jre\lib\charsets.jar;D:\Java\jdk1.8\jre\lib\jfr.jar;D:\Java\jdk1.8\jre\classes"/>
    <property name="user.script" value=""/>
    <property name="sun.management.compiler" value="HotSpot 64-Bit Tiered Compilers"/>
    <property name="java.runtime.version" value="1.8.0_341-b10"/>
    <property name="user.name" value="chunqiu"/>
    <property name="path.separator" value=";"/>
    <property name="os.version" value="10.0"/>
    <property name="java.endorsed.dirs" value="D:\Java\jdk1.8\jre\lib\endorsed"/>
    <property name="java.runtime.name" value="Java(TM) SE Runtime Environment"/>
    <property name="file.encoding" value="GBK"/>
    <property name="java.vm.name" value="Java HotSpot(TM) 64-Bit Server VM"/>
    <property name="localRepository" value="E:\m2repository"/>
    <property name="java.vendor.url.bug" value="http://bugreport.sun.com/bugreport/"/>
    <property name="java.io.tmpdir" value="C:\Users\chunqiu\AppData\Local\Temp\"/>
    <property name="idea.version" value="2021.3.3"/>
    <property name="java.version" value="1.8.0_341"/>
    <property name="user.dir" value="D:\java_project\mall"/>
    <property name="os.arch" value="amd64"/>
    <property name="java.vm.specification.name" value="Java Virtual Machine Specification"/>
    <property name="java.awt.printerjob" value="sun.awt.windows.WPrinterJob"/>
    <property name="sun.os.patch.level" value=""/>
    <property name="java.library.path" value="D:\Java\jdk1.8\jre\bin;C:\WINDOWS\Sun\Java\bin;C:\WINDOWS\system32;C:\WINDOWS;C:\Program Files (x86)\Common Files\Oracle\Java\javapath;D:\VMware\bin\;C:\Windows\system32;C:\Windows;C:\Windows\System32\Wbem;C:\Windows\System32\WindowsPowerShell\v1.0\;C:\Windows\System32\OpenSSH\;C:\Program Files\NVIDIA Corporation\NVIDIA NvDLISR;C:\WINDOWS\system32;C:\WINDOWS;C:\WINDOWS\System32\Wbem;C:\WINDOWS\System32\WindowsPowerShell\v1.0\;C:\WINDOWS\System32\OpenSSH\;D:\matlab\bin\win32;%CATALINA_HOME%\bin;D:\Git\cmd;D:\pycharm\py387\Scripts\;D:\pycharm\py387\;C:\Users\chunqiu\AppData\Local\Microsoft\WindowsApps;C:\Users\chunqiu\AppData\Roaming\npm;D:\IntelliJ IDEA 2021.3.3\bin;;D:\mysql\mysql-5.7.10-winx64\bin;D:\vs code\Microsoft VS Code\bin;D:\tomcat\apache-tomcat-8.5.81\bin;D:\Java\jdk1.8\bin;D:\apache-maven-3.8.6\bin;;."/>
    <property name="java.vm.info" value="mixed mode"/>
    <property name="java.vendor" value="Oracle Corporation"/>
    <property name="java.vm.version" value="25.341-b10"/>
    <property name="java.ext.dirs" value="D:\Java\jdk1.8\jre\lib\ext;C:\WINDOWS\Sun\Java\lib\ext"/>
    <property name="sun.io.unicode.encoding" value="UnicodeLittle"/>
    <property name="java.class.version" value="52.0"/>
  </properties>
  <testcase name="contextLoads" classname="com.chunqiu.mall.MallApplicationTests" time="2.451"/>
</testsuite>